<?xml version="1.0" encoding="UTF-8"?>
<testng-results ignored="0" total="1" passed="1" failed="0" skipped="0">
  <reporter-output>
  </reporter-output>
  <suite started-at="2022-08-31T16:48:07 IST" name="Default suite" finished-at="2022-08-31T16:48:07 IST" duration-ms="106">
    <groups>
    </groups>
    <test started-at="2022-08-31T16:48:07 IST" name="Default test" finished-at="2022-08-31T16:48:07 IST" duration-ms="106">
      <class name="allJavaPrograms.bb">
        <test-method signature="m3()[pri:0, instance:allJavaPrograms.bb@5562c41e]" started-at="2022-08-31T16:48:07 IST" name="m3" finished-at="2022-08-31T16:48:07 IST" duration-ms="22" status="PASS">
          <reporter-output>
          </reporter-output>
        </test-method> <!-- m3 -->
      </class> <!-- allJavaPrograms.bb -->
    </test> <!-- Default test -->
  </suite> <!-- Default suite -->
</testng-results>
